[2021-03-07 12:10:21.885] [exthost] [info] extension host started
[2021-03-07 12:10:22.060] [exthost] [info] ExtensionService#_doActivateExtension vscode.configuration-editing {"startup":false,"extensionId":{"value":"vscode.configuration-editing","_lower":"vscode.configuration-editing"},"activationEvent":"onLanguage:json"}
[2021-03-07 12:10:22.060] [exthost] [info] ExtensionService#loadCommonJSModule file:///usr/lib/code/extensions/configuration-editing/dist/configurationEditingMain
[2021-03-07 12:10:22.063] [exthost] [info] ExtensionService#_doActivateExtension vscode.extension-editing {"startup":false,"extensionId":{"value":"vscode.extension-editing","_lower":"vscode.extension-editing"},"activationEvent":"onLanguage:json"}
[2021-03-07 12:10:22.063] [exthost] [info] ExtensionService#loadCommonJSModule file:///usr/lib/code/extensions/extension-editing/dist/extensionEditingMain
[2021-03-07 12:10:22.068] [exthost] [info] ExtensionService#_doActivateExtension vscode.json-language-features {"startup":false,"extensionId":{"value":"vscode.json-language-features","_lower":"vscode.json-language-features"},"activationEvent":"onLanguage:json"}
[2021-03-07 12:10:22.068] [exthost] [info] ExtensionService#loadCommonJSModule file:///usr/lib/code/extensions/json-language-features/client/dist/node/jsonClientMain
[2021-03-07 12:10:22.087] [exthost] [info] ExtensionService#_doActivateExtension ms-vscode.js-debug {"startup":false,"extensionId":{"value":"ms-vscode.js-debug","_lower":"ms-vscode.js-debug"},"activationEvent":"onLanguage:json"}
[2021-03-07 12:10:22.087] [exthost] [info] ExtensionService#loadCommonJSModule file:///usr/lib/code/extensions/ms-vscode.js-debug/src/extension.js
[2021-03-07 12:10:22.194] [exthost] [info] ExtensionService#_doActivateExtension vscode.npm {"startup":false,"extensionId":{"value":"vscode.npm","_lower":"vscode.npm"},"activationEvent":"onLanguage:json"}
[2021-03-07 12:10:22.194] [exthost] [info] ExtensionService#loadCommonJSModule file:///usr/lib/code/extensions/npm/dist/npmMain
[2021-03-07 12:10:22.208] [exthost] [info] ExtensionService#_doActivateExtension vscode.debug-auto-launch {"startup":true,"extensionId":{"value":"vscode.debug-auto-launch","_lower":"vscode.debug-auto-launch"},"activationEvent":"*"}
[2021-03-07 12:10:22.208] [exthost] [info] ExtensionService#loadCommonJSModule file:///usr/lib/code/extensions/debug-auto-launch/dist/extension
[2021-03-07 12:10:22.211] [exthost] [info] ExtensionService#_doActivateExtension vscode.git {"startup":true,"extensionId":{"value":"vscode.github","_lower":"vscode.github"},"activationEvent":"*"}
[2021-03-07 12:10:22.211] [exthost] [info] ExtensionService#loadCommonJSModule file:///usr/lib/code/extensions/git/dist/main
[2021-03-07 12:10:22.235] [exthost] [info] ExtensionService#_doActivateExtension bierner.color-info {"startup":true,"extensionId":{"value":"bierner.color-info","_lower":"bierner.color-info"},"activationEvent":"*"}
[2021-03-07 12:10:22.235] [exthost] [info] ExtensionService#loadCommonJSModule file:///home/tchanhtinh/.vscode-oss/extensions/bierner.color-info-0.5.1/out/src/extension
[2021-03-07 12:10:22.284] [exthost] [info] ExtensionService#_doActivateExtension vscodevim.vim {"startup":true,"extensionId":{"value":"vscodevim.vim","_lower":"vscodevim.vim"},"activationEvent":"*"}
[2021-03-07 12:10:22.285] [exthost] [info] ExtensionService#loadCommonJSModule file:///home/tchanhtinh/.vscode-oss/extensions/vscodevim.vim-1.18.9/out/extension
[2021-03-07 12:10:22.364] [exthost] [info] ExtensionService#_doActivateExtension vscode.typescript-language-features {"startup":false,"extensionId":{"value":"vscode.typescript-language-features","_lower":"vscode.typescript-language-features"},"activationEvent":"onLanguage:javascript"}
[2021-03-07 12:10:22.364] [exthost] [info] ExtensionService#loadCommonJSModule file:///usr/lib/code/extensions/typescript-language-features/dist/extension
[2021-03-07 12:10:22.700] [exthost] [info] ExtensionService#_doActivateExtension vscode.github {"startup":true,"extensionId":{"value":"vscode.github","_lower":"vscode.github"},"activationEvent":"*"}
[2021-03-07 12:10:22.700] [exthost] [info] ExtensionService#loadCommonJSModule file:///usr/lib/code/extensions/github/dist/extension.js
[2021-03-07 12:10:22.858] [exthost] [info] eager extensions activated
[2021-03-07 12:10:23.205] [exthost] [info] ExtensionService#_doActivateExtension vscode.emmet {"startup":false,"extensionId":{"value":"vscode.emmet","_lower":"vscode.emmet"},"activationEvent":"onStartupFinished"}
[2021-03-07 12:10:23.205] [exthost] [info] ExtensionService#loadCommonJSModule file:///usr/lib/code/extensions/emmet/dist/node/emmetNodeMain
[2021-03-07 12:10:23.212] [exthost] [info] ExtensionService#_doActivateExtension vscode.merge-conflict {"startup":false,"extensionId":{"value":"vscode.merge-conflict","_lower":"vscode.merge-conflict"},"activationEvent":"onStartupFinished"}
[2021-03-07 12:10:23.213] [exthost] [info] ExtensionService#loadCommonJSModule file:///usr/lib/code/extensions/merge-conflict/dist/mergeConflictMain
[2021-03-07 12:10:23.217] [exthost] [info] ExtensionService#_doActivateExtension vscode.testing-editor-contributions {"startup":false,"extensionId":{"value":"vscode.testing-editor-contributions","_lower":"vscode.testing-editor-contributions"},"activationEvent":"onStartupFinished"}
[2021-03-07 12:10:23.217] [exthost] [info] ExtensionService#loadCommonJSModule file:///usr/lib/code/extensions/testing-editor-contributions/dist/extension.js
[2021-03-07 12:10:23.220] [exthost] [info] ExtensionService#_doActivateExtension eamodio.gitlens {"startup":false,"extensionId":{"value":"eamodio.gitlens","_lower":"eamodio.gitlens"},"activationEvent":"onStartupFinished"}
[2021-03-07 12:10:23.221] [exthost] [info] ExtensionService#loadCommonJSModule file:///home/tchanhtinh/.vscode-oss/extensions/eamodio.gitlens-11.2.1/dist/gitlens
[2021-03-07 12:10:23.319] [exthost] [info] ExtensionService#_doActivateExtension esbenp.prettier-vscode {"startup":false,"extensionId":{"value":"esbenp.prettier-vscode","_lower":"esbenp.prettier-vscode"},"activationEvent":"onStartupFinished"}
[2021-03-07 12:10:23.322] [exthost] [info] ExtensionService#loadCommonJSModule file:///home/tchanhtinh/.vscode-oss/extensions/esbenp.prettier-vscode-5.9.2/dist/extension
[2021-03-07 12:10:43.196] [exthost] [info] ExtensionService#_doActivateExtension dlasagno.wal-theme {"startup":false,"extensionId":{"value":"dlasagno.wal-theme","_lower":"dlasagno.wal-theme"},"activationEvent":"*"}
[2021-03-07 12:10:43.196] [exthost] [info] ExtensionService#loadCommonJSModule file:///home/tchanhtinh/.vscode-oss/extensions/dlasagno.wal-theme-1.0.4/out/extension.js
[2021-03-07 12:11:23.950] [exthost] [info] extension host terminating: received terminate message from renderer
[2021-03-07 12:11:25.047] [exthost] [info] exiting with code 0
