[2021-03-06 15:57:53.292] [exthost] [info] extension host started
[2021-03-06 15:57:53.391] [exthost] [info] ExtensionService#_doActivateExtension vscode.configuration-editing {"startup":false,"extensionId":{"value":"vscode.configuration-editing","_lower":"vscode.configuration-editing"},"activationEvent":"onLanguage:json"}
[2021-03-06 15:57:53.391] [exthost] [info] ExtensionService#loadCommonJSModule file:///usr/lib/code/extensions/configuration-editing/dist/configurationEditingMain
[2021-03-06 15:57:53.394] [exthost] [info] ExtensionService#_doActivateExtension vscode.extension-editing {"startup":false,"extensionId":{"value":"vscode.extension-editing","_lower":"vscode.extension-editing"},"activationEvent":"onLanguage:json"}
[2021-03-06 15:57:53.394] [exthost] [info] ExtensionService#loadCommonJSModule file:///usr/lib/code/extensions/extension-editing/dist/extensionEditingMain
[2021-03-06 15:57:53.399] [exthost] [info] ExtensionService#_doActivateExtension vscode.json-language-features {"startup":false,"extensionId":{"value":"vscode.json-language-features","_lower":"vscode.json-language-features"},"activationEvent":"onLanguage:json"}
[2021-03-06 15:57:53.399] [exthost] [info] ExtensionService#loadCommonJSModule file:///usr/lib/code/extensions/json-language-features/client/dist/node/jsonClientMain
[2021-03-06 15:57:53.414] [exthost] [info] ExtensionService#_doActivateExtension ms-vscode.js-debug {"startup":false,"extensionId":{"value":"ms-vscode.js-debug","_lower":"ms-vscode.js-debug"},"activationEvent":"onLanguage:json"}
[2021-03-06 15:57:53.414] [exthost] [info] ExtensionService#loadCommonJSModule file:///usr/lib/code/extensions/ms-vscode.js-debug/src/extension.js
[2021-03-06 15:57:53.501] [exthost] [info] ExtensionService#_doActivateExtension vscode.npm {"startup":false,"extensionId":{"value":"vscode.npm","_lower":"vscode.npm"},"activationEvent":"onLanguage:json"}
[2021-03-06 15:57:53.502] [exthost] [info] ExtensionService#loadCommonJSModule file:///usr/lib/code/extensions/npm/dist/npmMain
[2021-03-06 15:57:53.510] [exthost] [info] ExtensionService#_doActivateExtension vscode.debug-auto-launch {"startup":true,"extensionId":{"value":"vscode.debug-auto-launch","_lower":"vscode.debug-auto-launch"},"activationEvent":"*"}
[2021-03-06 15:57:53.510] [exthost] [info] ExtensionService#loadCommonJSModule file:///usr/lib/code/extensions/debug-auto-launch/dist/extension
[2021-03-06 15:57:53.512] [exthost] [info] ExtensionService#_doActivateExtension vscode.git {"startup":true,"extensionId":{"value":"vscode.github","_lower":"vscode.github"},"activationEvent":"*"}
[2021-03-06 15:57:53.512] [exthost] [info] ExtensionService#loadCommonJSModule file:///usr/lib/code/extensions/git/dist/main
[2021-03-06 15:57:53.528] [exthost] [info] ExtensionService#_doActivateExtension bierner.color-info {"startup":true,"extensionId":{"value":"bierner.color-info","_lower":"bierner.color-info"},"activationEvent":"*"}
[2021-03-06 15:57:53.529] [exthost] [info] ExtensionService#loadCommonJSModule file:///home/tchanhtinh/.vscode-oss/extensions/bierner.color-info-0.5.1/out/src/extension
[2021-03-06 15:57:53.560] [exthost] [info] ExtensionService#_doActivateExtension vscodevim.vim {"startup":true,"extensionId":{"value":"vscodevim.vim","_lower":"vscodevim.vim"},"activationEvent":"*"}
[2021-03-06 15:57:53.560] [exthost] [info] ExtensionService#loadCommonJSModule file:///home/tchanhtinh/.vscode-oss/extensions/vscodevim.vim-1.18.9/out/extension
[2021-03-06 15:57:53.824] [exthost] [info] ExtensionService#_doActivateExtension vscode.github {"startup":true,"extensionId":{"value":"vscode.github","_lower":"vscode.github"},"activationEvent":"*"}
[2021-03-06 15:57:53.824] [exthost] [info] ExtensionService#loadCommonJSModule file:///usr/lib/code/extensions/github/dist/extension.js
[2021-03-06 15:57:53.847] [exthost] [info] eager extensions activated
[2021-03-06 15:57:53.854] [exthost] [info] ExtensionService#_doActivateExtension vscode.emmet {"startup":false,"extensionId":{"value":"vscode.emmet","_lower":"vscode.emmet"},"activationEvent":"onStartupFinished"}
[2021-03-06 15:57:53.854] [exthost] [info] ExtensionService#loadCommonJSModule file:///usr/lib/code/extensions/emmet/dist/node/emmetNodeMain
[2021-03-06 15:57:53.858] [exthost] [info] ExtensionService#_doActivateExtension vscode.merge-conflict {"startup":false,"extensionId":{"value":"vscode.merge-conflict","_lower":"vscode.merge-conflict"},"activationEvent":"onStartupFinished"}
[2021-03-06 15:57:53.858] [exthost] [info] ExtensionService#loadCommonJSModule file:///usr/lib/code/extensions/merge-conflict/dist/mergeConflictMain
[2021-03-06 15:57:53.860] [exthost] [info] ExtensionService#_doActivateExtension vscode.testing-editor-contributions {"startup":false,"extensionId":{"value":"vscode.testing-editor-contributions","_lower":"vscode.testing-editor-contributions"},"activationEvent":"onStartupFinished"}
[2021-03-06 15:57:53.861] [exthost] [info] ExtensionService#loadCommonJSModule file:///usr/lib/code/extensions/testing-editor-contributions/dist/extension.js
[2021-03-06 15:57:53.863] [exthost] [info] ExtensionService#_doActivateExtension eamodio.gitlens {"startup":false,"extensionId":{"value":"eamodio.gitlens","_lower":"eamodio.gitlens"},"activationEvent":"onStartupFinished"}
[2021-03-06 15:57:53.863] [exthost] [info] ExtensionService#loadCommonJSModule file:///home/tchanhtinh/.vscode-oss/extensions/eamodio.gitlens-11.2.1/dist/gitlens
[2021-03-06 15:57:53.915] [exthost] [info] ExtensionService#_doActivateExtension esbenp.prettier-vscode {"startup":false,"extensionId":{"value":"esbenp.prettier-vscode","_lower":"esbenp.prettier-vscode"},"activationEvent":"onStartupFinished"}
[2021-03-06 15:57:53.915] [exthost] [info] ExtensionService#loadCommonJSModule file:///home/tchanhtinh/.vscode-oss/extensions/esbenp.prettier-vscode-5.9.2/dist/extension
[2021-03-06 15:57:54.382] [exthost] [info] ExtensionService#_doActivateExtension vscode.typescript-language-features {"startup":false,"extensionId":{"value":"vscode.typescript-language-features","_lower":"vscode.typescript-language-features"},"activationEvent":"onLanguage:jsonc"}
[2021-03-06 15:57:54.382] [exthost] [info] ExtensionService#loadCommonJSModule file:///usr/lib/code/extensions/typescript-language-features/dist/extension
[2021-03-06 15:57:54.505] [exthost] [info] ExtensionService#_doActivateExtension vscode.github-authentication {"startup":false,"extensionId":{"value":"vscode.github-authentication","_lower":"vscode.github-authentication"},"activationEvent":"onAuthenticationRequest:github"}
[2021-03-06 15:57:54.505] [exthost] [info] ExtensionService#loadCommonJSModule file:///usr/lib/code/extensions/github-authentication/dist/extension.js
[2021-03-06 15:57:55.353] [exthost] [error] [vscode.json-language-features] provider FAILED
[2021-03-06 15:57:55.354] [exthost] [error] Canceled: Canceled
	at _.makeCancelError (/usr/lib/code/extensions/json-language-features/client/dist/node/jsonClientMain.js:1:64150)
	at _.handleFailedRequest (/usr/lib/code/extensions/json-language-features/client/dist/node/jsonClientMain.js:1:64001)
	at /usr/lib/code/extensions/json-language-features/client/dist/node/jsonClientMain.js:1:24343
	at runNextTicks (internal/process/task_queues.js:62:5)
	at processImmediate (internal/timers.js:429:9)
[2021-03-06 16:28:00.864] [exthost] [info] extension host terminating: received terminate message from renderer
[2021-03-06 16:28:01.916] [exthost] [info] exiting with code 0
