Looking for git in: git
Using git 2.30.1 from git
> git rev-parse --git-dir
Open repository: /home/tchanhtinh/Projects/cit
> git status -z -u
> git symbolic-ref --short HEAD
> git for-each-ref --format=%(refname)%00%(upstream:short)%00%(upstream:track)%00%(objectname) refs/heads/main refs/remotes/main
> git for-each-ref --sort -committerdate --format %(refname) %(objectname) %(*objectname)
> git remote --verbose
> git config --get commit.template
> git show --textconv :package.json
> git ls-files --stage -- /home/tchanhtinh/Projects/cit/package.json
> git cat-file -s 385f6a95a656b3d4112026240ef5da9dd4b86df0
> git check-ignore -v -z --stdin
> git show --textconv :client/package.json
> git ls-files --stage -- /home/tchanhtinh/Projects/cit/client/package.json
> git cat-file -s 436f8da78514b3be65a9921eb15729752ec3ff32
> git show --textconv :server/app/admin/index.js
> git ls-files --stage -- /home/tchanhtinh/Projects/cit/server/app/admin/index.js
> git check-ignore -v -z --stdin
