[2021-03-07 12:35:16.792] [exthost] [info] extension host started
[2021-03-07 12:35:16.837] [exthost] [info] ExtensionService#_doActivateExtension vscode.debug-auto-launch {"startup":true,"extensionId":{"value":"vscode.debug-auto-launch","_lower":"vscode.debug-auto-launch"},"activationEvent":"*"}
[2021-03-07 12:35:16.837] [exthost] [info] ExtensionService#loadCommonJSModule file:///usr/lib/code/extensions/debug-auto-launch/dist/extension
[2021-03-07 12:35:16.841] [exthost] [info] ExtensionService#_doActivateExtension vscode.git {"startup":true,"extensionId":{"value":"vscode.github","_lower":"vscode.github"},"activationEvent":"*"}
[2021-03-07 12:35:16.841] [exthost] [info] ExtensionService#loadCommonJSModule file:///usr/lib/code/extensions/git/dist/main
[2021-03-07 12:35:16.861] [exthost] [info] ExtensionService#_doActivateExtension bierner.color-info {"startup":true,"extensionId":{"value":"bierner.color-info","_lower":"bierner.color-info"},"activationEvent":"*"}
[2021-03-07 12:35:16.861] [exthost] [info] ExtensionService#loadCommonJSModule file:///home/tchanhtinh/.vscode-oss/extensions/bierner.color-info-0.5.1/out/src/extension
[2021-03-07 12:35:16.900] [exthost] [info] ExtensionService#_doActivateExtension dlasagno.wal-theme {"startup":true,"extensionId":{"value":"dlasagno.wal-theme","_lower":"dlasagno.wal-theme"},"activationEvent":"*"}
[2021-03-07 12:35:16.900] [exthost] [info] ExtensionService#loadCommonJSModule file:///home/tchanhtinh/.vscode-oss/extensions/dlasagno.wal-theme-1.0.4/out/extension.js
[2021-03-07 12:35:16.910] [exthost] [info] ExtensionService#_doActivateExtension vscodevim.vim {"startup":true,"extensionId":{"value":"vscodevim.vim","_lower":"vscodevim.vim"},"activationEvent":"*"}
[2021-03-07 12:35:16.910] [exthost] [info] ExtensionService#loadCommonJSModule file:///home/tchanhtinh/.vscode-oss/extensions/vscodevim.vim-1.18.9/out/extension
[2021-03-07 12:35:17.020] [exthost] [info] ExtensionService#_doActivateExtension vscode.github {"startup":true,"extensionId":{"value":"vscode.github","_lower":"vscode.github"},"activationEvent":"*"}
[2021-03-07 12:35:17.021] [exthost] [info] ExtensionService#loadCommonJSModule file:///usr/lib/code/extensions/github/dist/extension.js
[2021-03-07 12:35:17.059] [exthost] [info] eager extensions activated
[2021-03-07 12:35:17.072] [exthost] [info] ExtensionService#_doActivateExtension ms-vscode.js-debug {"startup":false,"extensionId":{"value":"ms-vscode.js-debug","_lower":"ms-vscode.js-debug"},"activationEvent":"onCommand:extension.js-debug.clearAutoAttachVariables"}
[2021-03-07 12:35:17.072] [exthost] [info] ExtensionService#loadCommonJSModule file:///usr/lib/code/extensions/ms-vscode.js-debug/src/extension.js
[2021-03-07 12:35:17.145] [exthost] [info] ExtensionService#_doActivateExtension vscode.emmet {"startup":false,"extensionId":{"value":"vscode.emmet","_lower":"vscode.emmet"},"activationEvent":"onStartupFinished"}
[2021-03-07 12:35:17.145] [exthost] [info] ExtensionService#loadCommonJSModule file:///usr/lib/code/extensions/emmet/dist/node/emmetNodeMain
[2021-03-07 12:35:17.154] [exthost] [info] ExtensionService#_doActivateExtension vscode.merge-conflict {"startup":false,"extensionId":{"value":"vscode.merge-conflict","_lower":"vscode.merge-conflict"},"activationEvent":"onStartupFinished"}
[2021-03-07 12:35:17.155] [exthost] [info] ExtensionService#loadCommonJSModule file:///usr/lib/code/extensions/merge-conflict/dist/mergeConflictMain
[2021-03-07 12:35:17.157] [exthost] [info] ExtensionService#_doActivateExtension vscode.testing-editor-contributions {"startup":false,"extensionId":{"value":"vscode.testing-editor-contributions","_lower":"vscode.testing-editor-contributions"},"activationEvent":"onStartupFinished"}
[2021-03-07 12:35:17.157] [exthost] [info] ExtensionService#loadCommonJSModule file:///usr/lib/code/extensions/testing-editor-contributions/dist/extension.js
[2021-03-07 12:35:17.158] [exthost] [info] ExtensionService#_doActivateExtension eamodio.gitlens {"startup":false,"extensionId":{"value":"eamodio.gitlens","_lower":"eamodio.gitlens"},"activationEvent":"onStartupFinished"}
[2021-03-07 12:35:17.158] [exthost] [info] ExtensionService#loadCommonJSModule file:///home/tchanhtinh/.vscode-oss/extensions/eamodio.gitlens-11.2.1/dist/gitlens
[2021-03-07 12:35:17.194] [exthost] [info] ExtensionService#_doActivateExtension esbenp.prettier-vscode {"startup":false,"extensionId":{"value":"esbenp.prettier-vscode","_lower":"esbenp.prettier-vscode"},"activationEvent":"onStartupFinished"}
[2021-03-07 12:35:17.194] [exthost] [info] ExtensionService#loadCommonJSModule file:///home/tchanhtinh/.vscode-oss/extensions/esbenp.prettier-vscode-5.9.2/dist/extension
[2021-03-07 12:35:17.431] [exthost] [info] extension host terminating: received terminate message from renderer
[2021-03-07 12:35:18.454] [exthost] [info] exiting with code 0
