Looking for git in: git
Using git 2.30.1 from git
> git rev-parse --git-dir
Open repository: /home/tchanhtinh/Projects/cringe
> git status -z -u
> git symbolic-ref --short HEAD
> git for-each-ref --format=%(refname)%00%(upstream:short)%00%(upstream:track)%00%(objectname) refs/heads/main refs/remotes/main
> git for-each-ref --sort -committerdate --format %(refname) %(objectname) %(*objectname)
> git remote --verbose
> git config --get commit.template
> git show --textconv :dwm-6.2/dwm.c
> git ls-files --stage -- /home/tchanhtinh/Projects/cringe/dwm-6.2/dwm.c
> git check-ignore -v -z --stdin
> git cat-file -s 4132df12d15aa8f00c8d2d5d0cae3062b80ec59c
> git show --textconv :dwm-6.2/config.def.h
> git ls-files --stage -- /home/tchanhtinh/Projects/cringe/dwm-6.2/config.def.h
> git cat-file -s d2d627591f174e8893631134d412115da770e2c2
> git status -z -u
> git symbolic-ref --short HEAD
> git for-each-ref --format=%(refname)%00%(upstream:short)%00%(upstream:track)%00%(objectname) refs/heads/main refs/remotes/main
> git for-each-ref --sort -committerdate --format %(refname) %(objectname) %(*objectname)
> git remote --verbose
> git config --get commit.template
> git status -z -u
> git symbolic-ref --short HEAD
> git for-each-ref --format=%(refname)%00%(upstream:short)%00%(upstream:track)%00%(objectname) refs/heads/main refs/remotes/main
> git for-each-ref --sort -committerdate --format %(refname) %(objectname) %(*objectname)
> git remote --verbose
> git config --get commit.template
